{"/Users/guangguang/Desktop/doc/equipment/cloud-sea/app/router.js": {"path":"/Users/guangguang/Desktop/doc/equipment/cloud-sea/app/router.js","statementMap":{"0":{"start":{"line":6,"column":0},"end":{"line":14,"column":2}},"1":{"start":{"line":7,"column":33},"end":{"line":7,"column":36}},"2":{"start":{"line":8,"column":2},"end":{"line":8,"column":43}},"3":{"start":{"line":9,"column":2},"end":{"line":9,"column":84}},"4":{"start":{"line":10,"column":2},"end":{"line":10,"column":82}},"5":{"start":{"line":11,"column":2},"end":{"line":11,"column":65}},"6":{"start":{"line":12,"column":2},"end":{"line":12,"column":57}},"7":{"start":{"line":13,"column":2},"end":{"line":13,"column":58}},"8":{"start":{"line":14,"column":2},"end":{"line":14,"column":3}}},"fnMap":{"0":{"name":"(anonymous_0)","decl":{"start":{"line":6,"column":17},"end":{"line":6,"column":18}},"loc":{"start":{"line":6,"column":24},"end":{"line":14,"column":1}},"line":6}},"branchMap":{},"s":{"0":1,"1":1,"2":1,"3":1,"4":1,"5":1,"6":1,"7":1,"8":1},"f":{"0":1},"b":{},"_coverageSchema":"332fd63041d2c1bcb487cc26dd0d5f7d97098a6c","hash":"3fcd1aa060d52d4c3093ffaa7b67020e50f1371b","contentHash":"8467fea4672fca6eea40590fb99488e9_11.8.0"}
,"/Users/guangguang/Desktop/doc/equipment/cloud-sea/app/controller/api.js": {"path":"/Users/guangguang/Desktop/doc/equipment/cloud-sea/app/controller/api.js","statementMap":{"0":{"start":{"line":1,"column":19},"end":{"line":1,"column":44}},"1":{"start":{"line":6,"column":16},"end":{"line":6,"column":24}},"2":{"start":{"line":7,"column":4},"end":{"line":11,"column":5}},"3":{"start":{"line":8,"column":6},"end":{"line":8,"column":18}},"4":{"start":{"line":10,"column":6},"end":{"line":10,"column":19}},"5":{"start":{"line":15,"column":17},"end":{"line":15,"column":36}},"6":{"start":{"line":16,"column":4},"end":{"line":27,"column":5}},"7":{"start":{"line":17,"column":6},"end":{"line":20,"column":8}},"8":{"start":{"line":22,"column":6},"end":{"line":26,"column":7}},"9":{"start":{"line":32,"column":17},"end":{"line":32,"column":36}},"10":{"start":{"line":33,"column":4},"end":{"line":45,"column":5}},"11":{"start":{"line":34,"column":6},"end":{"line":37,"column":8}},"12":{"start":{"line":40,"column":6},"end":{"line":44,"column":7}},"13":{"start":{"line":49,"column":15},"end":{"line":49,"column":34}},"14":{"start":{"line":50,"column":4},"end":{"line":53,"column":6}},"15":{"start":{"line":57,"column":17},"end":{"line":57,"column":36}},"16":{"start":{"line":58,"column":4},"end":{"line":58,"column":43}},"17":{"start":{"line":59,"column":4},"end":{"line":63,"column":5}},"18":{"start":{"line":69,"column":16},"end":{"line":74,"column":1}},"19":{"start":{"line":70,"column":2},"end":{"line":73,"column":15}},"20":{"start":{"line":76,"column":0},"end":{"line":76,"column":31}}},"fnMap":{"0":{"name":"(anonymous_0)","decl":{"start":{"line":5,"column":2},"end":{"line":5,"column":3}},"loc":{"start":{"line":5,"column":23},"end":{"line":12,"column":3}},"line":5},"1":{"name":"(anonymous_1)","decl":{"start":{"line":14,"column":1},"end":{"line":14,"column":2}},"loc":{"start":{"line":14,"column":15},"end":{"line":29,"column":3}},"line":14},"2":{"name":"(anonymous_2)","decl":{"start":{"line":31,"column":2},"end":{"line":31,"column":3}},"loc":{"start":{"line":31,"column":19},"end":{"line":46,"column":3}},"line":31},"3":{"name":"(anonymous_3)","decl":{"start":{"line":48,"column":2},"end":{"line":48,"column":3}},"loc":{"start":{"line":48,"column":21},"end":{"line":54,"column":3}},"line":48},"4":{"name":"(anonymous_4)","decl":{"start":{"line":56,"column":2},"end":{"line":56,"column":3}},"loc":{"start":{"line":56,"column":19},"end":{"line":65,"column":3}},"line":56},"5":{"name":"(anonymous_5)","decl":{"start":{"line":69,"column":16},"end":{"line":69,"column":17}},"loc":{"start":{"line":69,"column":30},"end":{"line":74,"column":1}},"line":69}},"branchMap":{"0":{"loc":{"start":{"line":7,"column":4},"end":{"line":11,"column":5}},"type":"if","locations":[{"start":{"line":7,"column":4},"end":{"line":11,"column":5}},{"start":{"line":7,"column":4},"end":{"line":11,"column":5}}],"line":7},"1":{"loc":{"start":{"line":16,"column":4},"end":{"line":27,"column":5}},"type":"if","locations":[{"start":{"line":16,"column":4},"end":{"line":27,"column":5}},{"start":{"line":16,"column":4},"end":{"line":27,"column":5}}],"line":16},"2":{"loc":{"start":{"line":33,"column":4},"end":{"line":45,"column":5}},"type":"if","locations":[{"start":{"line":33,"column":4},"end":{"line":45,"column":5}},{"start":{"line":33,"column":4},"end":{"line":45,"column":5}}],"line":33}},"s":{"0":1,"1":0,"2":0,"3":0,"4":0,"5":0,"6":0,"7":0,"8":0,"9":0,"10":0,"11":0,"12":0,"13":0,"14":0,"15":0,"16":0,"17":0,"18":1,"19":0,"20":1},"f":{"0":0,"1":0,"2":0,"3":0,"4":0,"5":0},"b":{"0":[0,0],"1":[0,0],"2":[0,0]},"_coverageSchema":"332fd63041d2c1bcb487cc26dd0d5f7d97098a6c","hash":"626a1a43b61504972870828abb875713d213935b","contentHash":"ffd824341b597af48fa73038d111bef4_11.8.0"}
,"/Users/guangguang/Desktop/doc/equipment/cloud-sea/app/controller/home.js": {"path":"/Users/guangguang/Desktop/doc/equipment/cloud-sea/app/controller/home.js","statementMap":{"0":{"start":{"line":3,"column":19},"end":{"line":3,"column":44}},"1":{"start":{"line":8,"column":4},"end":{"line":8,"column":15}},"2":{"start":{"line":10,"column":22},"end":{"line":10,"column":43}},"3":{"start":{"line":12,"column":4},"end":{"line":12,"column":35}},"4":{"start":{"line":15,"column":4},"end":{"line":15,"column":55}},"5":{"start":{"line":19,"column":0},"end":{"line":19,"column":32}}},"fnMap":{"0":{"name":"(anonymous_0)","decl":{"start":{"line":6,"column":2},"end":{"line":6,"column":3}},"loc":{"start":{"line":6,"column":19},"end":{"line":13,"column":3}},"line":6},"1":{"name":"(anonymous_1)","decl":{"start":{"line":14,"column":2},"end":{"line":14,"column":3}},"loc":{"start":{"line":14,"column":18},"end":{"line":16,"column":3}},"line":14}},"branchMap":{},"s":{"0":1,"1":1,"2":1,"3":1,"4":1,"5":1},"f":{"0":1,"1":1},"b":{},"_coverageSchema":"332fd63041d2c1bcb487cc26dd0d5f7d97098a6c","hash":"746d02a3cb171b02b2ba9f9d84dd373050bd8231","contentHash":"0227f736688605e72e38bc94658d6f45_11.8.0"}
,"/Users/guangguang/Desktop/doc/equipment/cloud-sea/app/service/login.js": {"path":"/Users/guangguang/Desktop/doc/equipment/cloud-sea/app/service/login.js","statementMap":{"0":{"start":{"line":3,"column":19},"end":{"line":3,"column":44}},"1":{"start":{"line":7,"column":4},"end":{"line":7,"column":15}},"2":{"start":{"line":11,"column":16},"end":{"line":11,"column":24}},"3":{"start":{"line":12,"column":2},"end":{"line":12,"column":78}},"4":{"start":{"line":14,"column":2},"end":{"line":14,"column":38}},"5":{"start":{"line":15,"column":17},"end":{"line":15,"column":21}},"6":{"start":{"line":17,"column":2},"end":{"line":36,"column":3}},"7":{"start":{"line":18,"column":8},"end":{"line":24,"column":11}},"8":{"start":{"line":27,"column":8},"end":{"line":27,"column":62}},"9":{"start":{"line":28,"column":8},"end":{"line":28,"column":48}},"10":{"start":{"line":31,"column":6},"end":{"line":35,"column":8}},"11":{"start":{"line":38,"column":2},"end":{"line":46,"column":3}},"12":{"start":{"line":39,"column":6},"end":{"line":39,"column":25}},"13":{"start":{"line":41,"column":6},"end":{"line":45,"column":8}},"14":{"start":{"line":51,"column":0},"end":{"line":51,"column":32}}},"fnMap":{"0":{"name":"(anonymous_0)","decl":{"start":{"line":6,"column":2},"end":{"line":6,"column":3}},"loc":{"start":{"line":6,"column":19},"end":{"line":8,"column":3}},"line":6},"1":{"name":"(anonymous_1)","decl":{"start":{"line":10,"column":1},"end":{"line":10,"column":2}},"loc":{"start":{"line":10,"column":23},"end":{"line":48,"column":3}},"line":10}},"branchMap":{"0":{"loc":{"start":{"line":38,"column":2},"end":{"line":46,"column":3}},"type":"if","locations":[{"start":{"line":38,"column":2},"end":{"line":46,"column":3}},{"start":{"line":38,"column":2},"end":{"line":46,"column":3}}],"line":38},"1":{"loc":{"start":{"line":38,"column":6},"end":{"line":38,"column":27}},"type":"binary-expr","locations":[{"start":{"line":38,"column":6},"end":{"line":38,"column":12}},{"start":{"line":38,"column":16},"end":{"line":38,"column":27}}],"line":38}},"s":{"0":1,"1":0,"2":0,"3":0,"4":0,"5":0,"6":0,"7":0,"8":0,"9":0,"10":0,"11":0,"12":0,"13":0,"14":1},"f":{"0":0,"1":0},"b":{"0":[0,0],"1":[0,0]},"_coverageSchema":"332fd63041d2c1bcb487cc26dd0d5f7d97098a6c","hash":"9b3b96fc2de9bb7526cc8ecc48ed0999743e3a84","contentHash":"04548a58af751a616748a84b6ebdf1da_11.8.0"}
,"/Users/guangguang/Desktop/doc/equipment/cloud-sea/app/service/proxyService.js": {"path":"/Users/guangguang/Desktop/doc/equipment/cloud-sea/app/service/proxyService.js","statementMap":{"0":{"start":{"line":1,"column":16},"end":{"line":1,"column":38}},"1":{"start":{"line":2,"column":21},"end":{"line":2,"column":40}},"2":{"start":{"line":3,"column":11},"end":{"line":3,"column":24}},"3":{"start":{"line":6,"column":2},"end":{"line":6,"column":13}},"4":{"start":{"line":12,"column":16},"end":{"line":12,"column":24}},"5":{"start":{"line":13,"column":2},"end":{"line":13,"column":78}},"6":{"start":{"line":15,"column":4},"end":{"line":15,"column":40}},"7":{"start":{"line":16,"column":2},"end":{"line":16,"column":59}},"8":{"start":{"line":17,"column":17},"end":{"line":17,"column":21}},"9":{"start":{"line":20,"column":4},"end":{"line":22,"column":11}},"10":{"start":{"line":24,"column":4},"end":{"line":24,"column":18}},"11":{"start":{"line":29,"column":16},"end":{"line":29,"column":24}},"12":{"start":{"line":30,"column":2},"end":{"line":30,"column":76}},"13":{"start":{"line":32,"column":4},"end":{"line":32,"column":40}},"14":{"start":{"line":33,"column":4},"end":{"line":33,"column":61}},"15":{"start":{"line":34,"column":15},"end":{"line":34,"column":19}},"16":{"start":{"line":35,"column":2},"end":{"line":57,"column":3}},"17":{"start":{"line":36,"column":6},"end":{"line":50,"column":7}},"18":{"start":{"line":37,"column":8},"end":{"line":43,"column":11}},"19":{"start":{"line":45,"column":8},"end":{"line":49,"column":11}},"20":{"start":{"line":52,"column":6},"end":{"line":56,"column":8}},"21":{"start":{"line":59,"column":2},"end":{"line":67,"column":3}},"22":{"start":{"line":60,"column":6},"end":{"line":60,"column":25}},"23":{"start":{"line":62,"column":6},"end":{"line":66,"column":8}},"24":{"start":{"line":74,"column":2},"end":{"line":89,"column":5}},"25":{"start":{"line":75,"column":4},"end":{"line":88,"column":5}},"26":{"start":{"line":76,"column":6},"end":{"line":80,"column":8}},"27":{"start":{"line":77,"column":8},"end":{"line":79,"column":9}},"28":{"start":{"line":78,"column":10},"end":{"line":78,"column":24}},"29":{"start":{"line":82,"column":6},"end":{"line":82,"column":30}},"30":{"start":{"line":83,"column":6},"end":{"line":87,"column":8}},"31":{"start":{"line":93,"column":0},"end":{"line":93,"column":30}}},"fnMap":{"0":{"name":"(anonymous_0)","decl":{"start":{"line":5,"column":1},"end":{"line":5,"column":2}},"loc":{"start":{"line":5,"column":18},"end":{"line":8,"column":3}},"line":5},"1":{"name":"(anonymous_1)","decl":{"start":{"line":10,"column":2},"end":{"line":10,"column":3}},"loc":{"start":{"line":10,"column":27},"end":{"line":26,"column":3}},"line":10},"2":{"name":"(anonymous_2)","decl":{"start":{"line":28,"column":1},"end":{"line":28,"column":2}},"loc":{"start":{"line":28,"column":24},"end":{"line":70,"column":2}},"line":28},"3":{"name":"downloadLoadFunc","decl":{"start":{"line":73,"column":9},"end":{"line":73,"column":25}},"loc":{"start":{"line":73,"column":45},"end":{"line":91,"column":1}},"line":73},"4":{"name":"(anonymous_4)","decl":{"start":{"line":74,"column":21},"end":{"line":74,"column":22}},"loc":{"start":{"line":74,"column":41},"end":{"line":89,"column":3}},"line":74},"5":{"name":"(anonymous_5)","decl":{"start":{"line":76,"column":42},"end":{"line":76,"column":43}},"loc":{"start":{"line":76,"column":52},"end":{"line":80,"column":7}},"line":76}},"branchMap":{"0":{"loc":{"start":{"line":36,"column":6},"end":{"line":50,"column":7}},"type":"if","locations":[{"start":{"line":36,"column":6},"end":{"line":50,"column":7}},{"start":{"line":36,"column":6},"end":{"line":50,"column":7}}],"line":36},"1":{"loc":{"start":{"line":59,"column":2},"end":{"line":67,"column":3}},"type":"if","locations":[{"start":{"line":59,"column":2},"end":{"line":67,"column":3}},{"start":{"line":59,"column":2},"end":{"line":67,"column":3}}],"line":59},"2":{"loc":{"start":{"line":59,"column":6},"end":{"line":59,"column":27}},"type":"binary-expr","locations":[{"start":{"line":59,"column":6},"end":{"line":59,"column":12}},{"start":{"line":59,"column":16},"end":{"line":59,"column":27}}],"line":59},"3":{"loc":{"start":{"line":77,"column":8},"end":{"line":79,"column":9}},"type":"if","locations":[{"start":{"line":77,"column":8},"end":{"line":79,"column":9}},{"start":{"line":77,"column":8},"end":{"line":79,"column":9}}],"line":77}},"s":{"0":1,"1":1,"2":1,"3":0,"4":0,"5":0,"6":0,"7":0,"8":0,"9":0,"10":0,"11":0,"12":0,"13":0,"14":0,"15":0,"16":0,"17":0,"18":0,"19":0,"20":0,"21":0,"22":0,"23":0,"24":0,"25":0,"26":0,"27":0,"28":0,"29":0,"30":0,"31":1},"f":{"0":0,"1":0,"2":0,"3":0,"4":0,"5":0},"b":{"0":[0,0],"1":[0,0],"2":[0,0],"3":[0,0]},"_coverageSchema":"332fd63041d2c1bcb487cc26dd0d5f7d97098a6c","hash":"d820b8c24c51e9247186eef88ff1c794fc14d29b","contentHash":"24e23f36c55298a4a10eedd068e27f13_11.8.0"}
,"/Users/guangguang/Desktop/doc/equipment/cloud-sea/config/config.default.js": {"path":"/Users/guangguang/Desktop/doc/equipment/cloud-sea/config/config.default.js","statementMap":{"0":{"start":{"line":3,"column":0},"end":{"line":31,"column":2}},"1":{"start":{"line":4,"column":15},"end":{"line":25,"column":3}},"2":{"start":{"line":27,"column":2},"end":{"line":27,"column":16}}},"fnMap":{"0":{"name":"(anonymous_0)","decl":{"start":{"line":3,"column":17},"end":{"line":3,"column":18}},"loc":{"start":{"line":3,"column":28},"end":{"line":31,"column":1}},"line":3}},"branchMap":{},"s":{"0":1,"1":4,"2":4},"f":{"0":4},"b":{},"_coverageSchema":"332fd63041d2c1bcb487cc26dd0d5f7d97098a6c","hash":"0f3c03a33df6b532f54186c99f61714fa7137809","contentHash":"c2cd95ee418ba59637154c8beee784e3_11.8.0"}
,"/Users/guangguang/Desktop/doc/equipment/cloud-sea/config/plugin.js": {"path":"/Users/guangguang/Desktop/doc/equipment/cloud-sea/config/plugin.js","statementMap":{"0":{"start":{"line":5,"column":0},"end":{"line":8,"column":2}}},"fnMap":{},"branchMap":{},"s":{"0":1},"f":{},"b":{},"_coverageSchema":"332fd63041d2c1bcb487cc26dd0d5f7d97098a6c","hash":"99ce07e4bce03f35cea1116080228d36f4d8890e","contentHash":"d708063371c41d41dc24391c0972af15_11.8.0"}
}
