{"total": {"lines":{"total":87,"covered":28,"skipped":0,"pct":32.18},"statements":{"total":87,"covered":28,"skipped":0,"pct":32.18},"functions":{"total":18,"covered":4,"skipped":0,"pct":22.22},"branches":{"total":18,"covered":0,"skipped":0,"pct":0}}
,"/Users/guangguang/Desktop/doc/equipment/cloud-sea/app/router.js": {"lines":{"total":9,"covered":9,"skipped":0,"pct":100},"functions":{"total":1,"covered":1,"skipped":0,"pct":100},"statements":{"total":9,"covered":9,"skipped":0,"pct":100},"branches":{"total":0,"covered":0,"skipped":0,"pct":100}}
,"/Users/guangguang/Desktop/doc/equipment/cloud-sea/app/controller/api.js": {"lines":{"total":21,"covered":3,"skipped":0,"pct":14.29},"functions":{"total":6,"covered":0,"skipped":0,"pct":0},"statements":{"total":21,"covered":3,"skipped":0,"pct":14.29},"branches":{"total":6,"covered":0,"skipped":0,"pct":0}}
,"/Users/guangguang/Desktop/doc/equipment/cloud-sea/app/controller/home.js": {"lines":{"total":6,"covered":6,"skipped":0,"pct":100},"functions":{"total":2,"covered":2,"skipped":0,"pct":100},"statements":{"total":6,"covered":6,"skipped":0,"pct":100},"branches":{"total":0,"covered":0,"skipped":0,"pct":100}}
,"/Users/guangguang/Desktop/doc/equipment/cloud-sea/app/service/login.js": {"lines":{"total":15,"covered":2,"skipped":0,"pct":13.33},"functions":{"total":2,"covered":0,"skipped":0,"pct":0},"statements":{"total":15,"covered":2,"skipped":0,"pct":13.33},"branches":{"total":4,"covered":0,"skipped":0,"pct":0}}
,"/Users/guangguang/Desktop/doc/equipment/cloud-sea/app/service/proxyService.js": {"lines":{"total":32,"covered":4,"skipped":0,"pct":12.5},"functions":{"total":6,"covered":0,"skipped":0,"pct":0},"statements":{"total":32,"covered":4,"skipped":0,"pct":12.5},"branches":{"total":8,"covered":0,"skipped":0,"pct":0}}
,"/Users/guangguang/Desktop/doc/equipment/cloud-sea/config/config.default.js": {"lines":{"total":3,"covered":3,"skipped":0,"pct":100},"functions":{"total":1,"covered":1,"skipped":0,"pct":100},"statements":{"total":3,"covered":3,"skipped":0,"pct":100},"branches":{"total":0,"covered":0,"skipped":0,"pct":100}}
,"/Users/guangguang/Desktop/doc/equipment/cloud-sea/config/plugin.js": {"lines":{"total":1,"covered":1,"skipped":0,"pct":100},"functions":{"total":0,"covered":0,"skipped":0,"pct":100},"statements":{"total":1,"covered":1,"skipped":0,"pct":100},"branches":{"total":0,"covered":0,"skipped":0,"pct":100}}
}
