TN:
SF:/Users/guangguang/Desktop/doc/equipment/cloud-sea/app/router.js
FN:6,(anonymous_0)
FNF:1
FNH:1
FNDA:1,(anonymous_0)
DA:6,1
DA:7,1
DA:8,1
DA:9,1
DA:10,1
DA:11,1
DA:12,1
DA:13,1
DA:14,1
LF:9
LH:9
BRF:0
BRH:0
end_of_record
TN:
SF:/Users/guangguang/Desktop/doc/equipment/cloud-sea/app/controller/api.js
FN:5,(anonymous_0)
FN:14,(anonymous_1)
FN:31,(anonymous_2)
FN:48,(anonymous_3)
FN:56,(anonymous_4)
FN:69,(anonymous_5)
FNF:6
FNH:0
FNDA:0,(anonymous_0)
FNDA:0,(anonymous_1)
FNDA:0,(anonymous_2)
FNDA:0,(anonymous_3)
FNDA:0,(anonymous_4)
FNDA:0,(anonymous_5)
DA:1,1
DA:6,0
DA:7,0
DA:8,0
DA:10,0
DA:15,0
DA:16,0
DA:17,0
DA:22,0
DA:32,0
DA:33,0
DA:34,0
DA:40,0
DA:49,0
DA:50,0
DA:57,0
DA:58,0
DA:59,0
DA:69,1
DA:70,0
DA:76,1
LF:21
LH:3
BRDA:7,0,0,0
BRDA:7,0,1,0
BRDA:16,1,0,0
BRDA:16,1,1,0
BRDA:33,2,0,0
BRDA:33,2,1,0
BRF:6
BRH:0
end_of_record
TN:
SF:/Users/guangguang/Desktop/doc/equipment/cloud-sea/app/controller/home.js
FN:6,(anonymous_0)
FN:14,(anonymous_1)
FNF:2
FNH:2
FNDA:1,(anonymous_0)
FNDA:1,(anonymous_1)
DA:3,1
DA:8,1
DA:10,1
DA:12,1
DA:15,1
DA:19,1
LF:6
LH:6
BRF:0
BRH:0
end_of_record
TN:
SF:/Users/guangguang/Desktop/doc/equipment/cloud-sea/app/service/login.js
FN:6,(anonymous_0)
FN:10,(anonymous_1)
FNF:2
FNH:0
FNDA:0,(anonymous_0)
FNDA:0,(anonymous_1)
DA:3,1
DA:7,0
DA:11,0
DA:12,0
DA:14,0
DA:15,0
DA:17,0
DA:18,0
DA:27,0
DA:28,0
DA:31,0
DA:38,0
DA:39,0
DA:41,0
DA:51,1
LF:15
LH:2
BRDA:38,0,0,0
BRDA:38,0,1,0
BRDA:38,1,0,0
BRDA:38,1,1,0
BRF:4
BRH:0
end_of_record
TN:
SF:/Users/guangguang/Desktop/doc/equipment/cloud-sea/app/service/proxyService.js
FN:5,(anonymous_0)
FN:10,(anonymous_1)
FN:28,(anonymous_2)
FN:73,downloadLoadFunc
FN:74,(anonymous_4)
FN:76,(anonymous_5)
FNF:6
FNH:0
FNDA:0,(anonymous_0)
FNDA:0,(anonymous_1)
FNDA:0,(anonymous_2)
FNDA:0,downloadLoadFunc
FNDA:0,(anonymous_4)
FNDA:0,(anonymous_5)
DA:1,1
DA:2,1
DA:3,1
DA:6,0
DA:12,0
DA:13,0
DA:15,0
DA:16,0
DA:17,0
DA:20,0
DA:24,0
DA:29,0
DA:30,0
DA:32,0
DA:33,0
DA:34,0
DA:35,0
DA:36,0
DA:37,0
DA:45,0
DA:52,0
DA:59,0
DA:60,0
DA:62,0
DA:74,0
DA:75,0
DA:76,0
DA:77,0
DA:78,0
DA:82,0
DA:83,0
DA:93,1
LF:32
LH:4
BRDA:36,0,0,0
BRDA:36,0,1,0
BRDA:59,1,0,0
BRDA:59,1,1,0
BRDA:59,2,0,0
BRDA:59,2,1,0
BRDA:77,3,0,0
BRDA:77,3,1,0
BRF:8
BRH:0
end_of_record
TN:
SF:/Users/guangguang/Desktop/doc/equipment/cloud-sea/config/config.default.js
FN:3,(anonymous_0)
FNF:1
FNH:1
FNDA:4,(anonymous_0)
DA:3,1
DA:4,4
DA:27,4
LF:3
LH:3
BRF:0
BRH:0
end_of_record
TN:
SF:/Users/guangguang/Desktop/doc/equipment/cloud-sea/config/plugin.js
FNF:0
FNH:0
DA:5,1
LF:1
LH:1
BRF:0
BRH:0
end_of_record
